DEBUG 2015-11-18 16:03:44,264: 	 Executing command: 'checkusername'
DEBUG 2015-11-18 16:03:44,270: 	 Found CRAB cache file /afs/desy.de/user/s/shevchen/.crab3
DEBUG 2015-11-18 16:03:44,327: 	 Checking credentials
DEBUG 2015-11-18 16:03:44,332: 	 Found proxy file /tmp/x509up_u20182
DEBUG 2015-11-18 16:03:44,332: 	 Getting proxy life time left
DEBUG 2015-11-18 16:03:44,836: 	 Executing : 
 command : voms-proxy-info -file /tmp/x509up_u20182 -timeleft
 output : 0

 error: Picked up _JAVA_OPTIONS: -Xmx256M

 retcode : 0
DEBUG 2015-11-18 16:03:44,836: 	 Proxy valid for 00:00:00 hours
DEBUG 2015-11-18 16:03:44,836: 	 Creating new proxy for 24:00 hours with VO group '' and VO role 'NULL'.
DEBUG 2015-11-18 16:03:52,750: 	 Executing : 
 command : voms-proxy-init -voms cms:/cms -valid 24:00 -rfc
 output : None
 error: None
 retcode : 0
DEBUG 2015-11-18 16:03:53,153: 	 Executing : 
 command : voms-proxy-info -file /tmp/x509up_u20182 -timeleft
 output : 86398

 error: Picked up _JAVA_OPTIONS: -Xmx256M

 retcode : 0
DEBUG 2015-11-18 16:03:53,557: 	 Executing : 
 command : voms-proxy-info -file /tmp/x509up_u20182 -actimeleft
 output : 86398

 error: Picked up _JAVA_OPTIONS: -Xmx256M

 retcode : 0
DEBUG 2015-11-18 16:03:53,960: 	 Executing : 
 command : env X509_USER_PROXY=/tmp/x509up_u20182 voms-proxy-info -fqan
 output : /cms/Role=NULL/Capability=NULL
/cms/dcms/Role=NULL/Capability=NULL

 error: Picked up _JAVA_OPTIONS: -Xmx256M

 retcode : 0
DEBUG 2015-11-18 16:03:53,960: 	 Proxy created.
DEBUG 2015-11-18 16:03:54,070: 	 Executing : 
 command : openssl x509 -in ~/.globus/usercert.pem -subject -noout
 output : subject= /C=DE/O=GermanGrid/OU=DESY/CN=Rostyslav Shevchenko

 error: WARNING: can't open config file: /build/dmwmbld/srv/state/dmwmbld/builds/comp_gcc481/w/tmp/BUILDROOT/ef35842be28ecca6d10195ea8182a5ac/build/dmwmbld/srv/state/dmwmbld/builds/comp_gcc481/w/slc6_amd64_gcc481/external/openssl/1.0.1p/ssl/openssl.cnf

 retcode : 0
DEBUG 2015-11-18 16:03:54,070: 	 Checking credentials
DEBUG 2015-11-18 16:03:54,070: 	 Found proxy file /tmp/x509up_u20182
DEBUG 2015-11-18 16:03:54,071: 	 Getting proxy life time left
DEBUG 2015-11-18 16:03:54,473: 	 Executing : 
 command : voms-proxy-info -file /tmp/x509up_u20182 -timeleft
 output : 86397

 error: Picked up _JAVA_OPTIONS: -Xmx256M

 retcode : 0
DEBUG 2015-11-18 16:03:54,876: 	 Executing : 
 command : voms-proxy-info -file /tmp/x509up_u20182 -actimeleft
 output : 86397

 error: Picked up _JAVA_OPTIONS: -Xmx256M

 retcode : 0
DEBUG 2015-11-18 16:03:54,877: 	 Proxy valid for 23:59:57 hours
DEBUG 2015-11-18 16:03:54,877: 	 Command use: checkusername
DEBUG 2015-11-18 16:03:54,877: 	 Options use: []
DEBUG 2015-11-18 16:03:54,877: 	 Instance is None
DEBUG 2015-11-18 16:03:54,877: 	 Server base url is None
INFO 2015-11-18 16:03:54,877: 	 Retrieving DN from proxy...
INFO 2015-11-18 16:03:56,054: 	 DN is: /C=DE/O=GermanGrid/OU=DESY/CN=Rostyslav Shevchenko
INFO 2015-11-18 16:03:56,054: 	 Retrieving username from SiteDB...
INFO 2015-11-18 16:03:58,312: 	 Username is: rshevche
